<?xml version="1.0" encoding="UTF-8"?>
<testng-results ignored="0" total="1" passed="1" failed="0" skipped="0">
  <reporter-output>
  </reporter-output>
  <suite started-at="2023-08-25T10:41:41 IST" name="Default suite" finished-at="2023-08-25T10:42:26 IST" duration-ms="45532">
    <groups>
    </groups>
    <test started-at="2023-08-25T10:41:41 IST" name="Default test" finished-at="2023-08-25T10:42:26 IST" duration-ms="45532">
      <class name="TestNG_Examples.A_FirstExample">
        <test-method is-config="true" signature="setUp()[pri:0, instance:TestNG_Examples.A_FirstExample@55a147cc]" started-at="2023-08-25T10:41:41 IST" name="setUp" finished-at="2023-08-25T10:42:01 IST" duration-ms="20182" status="PASS">
          <reporter-output>
          </reporter-output>
        </test-method> <!-- setUp -->
        <test-method signature="f()[pri:0, instance:TestNG_Examples.A_FirstExample@55a147cc]" started-at="2023-08-25T10:42:01 IST" name="f" finished-at="2023-08-25T10:42:24 IST" duration-ms="23364" status="PASS">
          <reporter-output>
          </reporter-output>
        </test-method> <!-- f -->
        <test-method is-config="true" signature="tearDown()[pri:0, instance:TestNG_Examples.A_FirstExample@55a147cc]" started-at="2023-08-25T10:42:24 IST" name="tearDown" finished-at="2023-08-25T10:42:26 IST" duration-ms="1771" status="PASS">
          <reporter-output>
          </reporter-output>
        </test-method> <!-- tearDown -->
      </class> <!-- TestNG_Examples.A_FirstExample -->
    </test> <!-- Default test -->
  </suite> <!-- Default suite -->
</testng-results>
