<?xml version="1.0" encoding="UTF-8" ?>
<testsuite tests="2" failures="1" name="TestSuite" time="0.058" errors="0" skipped="0">
  <properties>
[...]
</properties>
  <testcase classname="Loggers.LogTest" name="test" time="0.04"/>
  <testcase classname="TestCases.HomePageTest" name="searchBox" time="0.018">
    <failure message="Cannot invoke &quot;com.aventstack.extentreports.ExtentReports.createTest(String)&quot; because &quot;this.extentReports&quot; is null" type="java.lang.NullPointerException">java.lang.NullPointerException: Cannot invoke &quot;com.aventstack.extentreports.ExtentReports.createTest(String)&quot; because &quot;this.extentReports&quot; is null
	at TestCases.HomePageTest.searchBox(HomePageTest.java:12)
</failure>
    <system-err>Aug 27, 2023 7:09:20 PM org.openqa.selenium.remote.service.DriverService$Builder getLogOutput
INFO: Driver logs no longer sent to console by default; https://www.selenium.dev/documentation/webdriver/drivers/service/#setting-log-output
Aug 27, 2023 7:09:38 PM org.openqa.selenium.devtools.CdpVersionFinder findNearestMatch
WARNING: Unable to find an exact match for CDP version 116, so returning the closest version found: 114
</system-err>
  </testcase>
</testsuite>