-------------------------------------------------------------------------------
Test set: TestSuite
-------------------------------------------------------------------------------
Tests run: 2, Failures: 1, Errors: 0, Skipped: 0, Time elapsed: 38.739 sec <<< FAILURE!
searchBox(TestCases.HomePageTest)  Time elapsed: 0.018 sec  <<< FAILURE!
java.lang.NullPointerException: Cannot invoke "com.aventstack.extentreports.ExtentReports.createTest(String)" because "this.extentReports" is null
	at TestCases.HomePageTest.searchBox(HomePageTest.java:12)

