<?xml version="1.0" encoding="UTF-8"?>
<!-- Generated by org.testng.reporters.JUnitXMLReporter -->
<testsuite ignored="0" hostname="DESKTOP-4NK54GQ" failures="0" tests="1" name="Test" time="2.44" errors="0" timestamp="2023-08-27T20:54:25 IST">
  <testcase classname="Pages.TestBase" name="@BeforeClass setUp" time="0.005">
    <failure type="java.io.FileNotFoundException" message="D:\Spring\PomEXTestNg\Config.properties (The system cannot find the file specified)">
      <![CDATA[java.io.FileNotFoundException: D:\Spring\PomEXTestNg\Config.properties (The system cannot find the file specified)
at java.base/java.io.FileInputStream.open0(Native Method)
at java.base/java.io.FileInputStream.open(FileInputStream.java:211)
at java.base/java.io.FileInputStream.<init>(FileInputStream.java:153)
at java.base/java.io.FileInputStream.<init>(FileInputStream.java:108)
at locaters.ExcelReader.loadProperties(ExcelReader.java:41)
at locaters.ExcelReader.<init>(ExcelReader.java:29)
at Pages.TestBase.loadProperties(TestBase.java:59)
at Pages.TestBase.setUp(TestBase.java:42)
at java.base/java.util.ArrayList.forEach(ArrayList.java:1511)
... Removed 25 stack frames]]>
    </failure>
  </testcase> <!-- @BeforeClass setUp -->
  <testcase classname="Pages.TestBase" name="@AfterClass tearDown" time="0.0">
    <skipped/>
  </testcase> <!-- @AfterClass tearDown -->
  <testcase classname="TestCases.HomePageTest" name="register" time="0.001">
    <skipped/>
  </testcase> <!-- register -->
</testsuite> <!-- Test -->
